[     230ms] [ERROR] Failed to load resource: the server responded with a status of 404 (Not Found) @ http://localhost:19471/favicon.ico:0
[  140513ms] [ERROR] Failed to load resource: the server responded with a status of 404 (Not Found) @ http://localhost:19471/api/terminal/8f902a18-2087-4390-abd6-1cbf2a2e8150:0
[  150508ms] [ERROR] Failed to load resource: the server responded with a status of 404 (Not Found) @ http://localhost:19471/api/terminal/8f902a18-2087-4390-abd6-1cbf2a2e8150:0
[  160514ms] [ERROR] Failed to load resource: the server responded with a status of 404 (Not Found) @ http://localhost:19471/api/terminal/8f902a18-2087-4390-abd6-1cbf2a2e8150:0
[  170515ms] [ERROR] Failed to load resource: the server responded with a status of 404 (Not Found) @ http://localhost:19471/api/terminal/8f902a18-2087-4390-abd6-1cbf2a2e8150:0
[  180516ms] [ERROR] Failed to load resource: the server responded with a status of 404 (Not Found) @ http://localhost:19471/api/terminal/8f902a18-2087-4390-abd6-1cbf2a2e8150:0
[  190505ms] [ERROR] Failed to load resource: the server responded with a status of 404 (Not Found) @ http://localhost:19471/api/terminal/8f902a18-2087-4390-abd6-1cbf2a2e8150:0
[  200506ms] [ERROR] Failed to load resource: the server responded with a status of 404 (Not Found) @ http://localhost:19471/api/terminal/73f4afa7-4a39-417d-85d3-fd152b8aa62b:0
[  200507ms] [ERROR] Failed to load resource: the server responded with a status of 404 (Not Found) @ http://localhost:19471/api/terminal/8f902a18-2087-4390-abd6-1cbf2a2e8150:0
[  210521ms] [ERROR] Failed to load resource: the server responded with a status of 404 (Not Found) @ http://localhost:19471/api/terminal/73f4afa7-4a39-417d-85d3-fd152b8aa62b:0
[  210521ms] [ERROR] Failed to load resource: the server responded with a status of 404 (Not Found) @ http://localhost:19471/api/terminal/8f902a18-2087-4390-abd6-1cbf2a2e8150:0
[  220504ms] [ERROR] Failed to load resource: the server responded with a status of 404 (Not Found) @ http://localhost:19471/api/terminal/73f4afa7-4a39-417d-85d3-fd152b8aa62b:0
[  220505ms] [ERROR] Failed to load resource: the server responded with a status of 404 (Not Found) @ http://localhost:19471/api/terminal/8f902a18-2087-4390-abd6-1cbf2a2e8150:0
[  230507ms] [ERROR] Failed to load resource: the server responded with a status of 404 (Not Found) @ http://localhost:19471/api/terminal/73f4afa7-4a39-417d-85d3-fd152b8aa62b:0
[  230507ms] [ERROR] Failed to load resource: the server responded with a status of 404 (Not Found) @ http://localhost:19471/api/terminal/8f902a18-2087-4390-abd6-1cbf2a2e8150:0
[  240511ms] [ERROR] Failed to load resource: the server responded with a status of 404 (Not Found) @ http://localhost:19471/api/terminal/73f4afa7-4a39-417d-85d3-fd152b8aa62b:0
[  240511ms] [ERROR] Failed to load resource: the server responded with a status of 404 (Not Found) @ http://localhost:19471/api/terminal/8f902a18-2087-4390-abd6-1cbf2a2e8150:0
[  250506ms] [ERROR] Failed to load resource: the server responded with a status of 404 (Not Found) @ http://localhost:19471/api/terminal/73f4afa7-4a39-417d-85d3-fd152b8aa62b:0
[  250506ms] [ERROR] Failed to load resource: the server responded with a status of 404 (Not Found) @ http://localhost:19471/api/terminal/8f902a18-2087-4390-abd6-1cbf2a2e8150:0
[  260508ms] [ERROR] Failed to load resource: the server responded with a status of 404 (Not Found) @ http://localhost:19471/api/terminal/73f4afa7-4a39-417d-85d3-fd152b8aa62b:0
[  260508ms] [ERROR] Failed to load resource: the server responded with a status of 404 (Not Found) @ http://localhost:19471/api/terminal/8f902a18-2087-4390-abd6-1cbf2a2e8150:0
[  270515ms] [ERROR] Failed to load resource: the server responded with a status of 404 (Not Found) @ http://localhost:19471/api/terminal/73f4afa7-4a39-417d-85d3-fd152b8aa62b:0
[  270515ms] [ERROR] Failed to load resource: the server responded with a status of 404 (Not Found) @ http://localhost:19471/api/terminal/8f902a18-2087-4390-abd6-1cbf2a2e8150:0
[  280506ms] [ERROR] Failed to load resource: the server responded with a status of 404 (Not Found) @ http://localhost:19471/api/terminal/73f4afa7-4a39-417d-85d3-fd152b8aa62b:0
[  280506ms] [ERROR] Failed to load resource: the server responded with a status of 404 (Not Found) @ http://localhost:19471/api/terminal/8f902a18-2087-4390-abd6-1cbf2a2e8150:0
[  290504ms] [ERROR] Failed to load resource: the server responded with a status of 404 (Not Found) @ http://localhost:19471/api/terminal/73f4afa7-4a39-417d-85d3-fd152b8aa62b:0
[  290504ms] [ERROR] Failed to load resource: the server responded with a status of 404 (Not Found) @ http://localhost:19471/api/terminal/8f902a18-2087-4390-abd6-1cbf2a2e8150:0
[  300545ms] [ERROR] Failed to load resource: the server responded with a status of 404 (Not Found) @ http://localhost:19471/api/terminal/73f4afa7-4a39-417d-85d3-fd152b8aa62b:0
[  300546ms] [ERROR] Failed to load resource: the server responded with a status of 404 (Not Found) @ http://localhost:19471/api/terminal/8f902a18-2087-4390-abd6-1cbf2a2e8150:0
[  310506ms] [ERROR] Failed to load resource: the server responded with a status of 404 (Not Found) @ http://localhost:19471/api/terminal/73f4afa7-4a39-417d-85d3-fd152b8aa62b:0
[  310506ms] [ERROR] Failed to load resource: the server responded with a status of 404 (Not Found) @ http://localhost:19471/api/terminal/8f902a18-2087-4390-abd6-1cbf2a2e8150:0
[  320506ms] [ERROR] Failed to load resource: the server responded with a status of 404 (Not Found) @ http://localhost:19471/api/terminal/73f4afa7-4a39-417d-85d3-fd152b8aa62b:0
[  320507ms] [ERROR] Failed to load resource: the server responded with a status of 404 (Not Found) @ http://localhost:19471/api/terminal/8f902a18-2087-4390-abd6-1cbf2a2e8150:0
[  330506ms] [ERROR] Failed to load resource: the server responded with a status of 404 (Not Found) @ http://localhost:19471/api/terminal/73f4afa7-4a39-417d-85d3-fd152b8aa62b:0
[  330506ms] [ERROR] Failed to load resource: the server responded with a status of 404 (Not Found) @ http://localhost:19471/api/terminal/8f902a18-2087-4390-abd6-1cbf2a2e8150:0
[  340505ms] [ERROR] Failed to load resource: the server responded with a status of 404 (Not Found) @ http://localhost:19471/api/terminal/73f4afa7-4a39-417d-85d3-fd152b8aa62b:0
[  340505ms] [ERROR] Failed to load resource: the server responded with a status of 404 (Not Found) @ http://localhost:19471/api/terminal/8f902a18-2087-4390-abd6-1cbf2a2e8150:0
[  350507ms] [ERROR] Failed to load resource: the server responded with a status of 404 (Not Found) @ http://localhost:19471/api/terminal/73f4afa7-4a39-417d-85d3-fd152b8aa62b:0
[  350508ms] [ERROR] Failed to load resource: the server responded with a status of 404 (Not Found) @ http://localhost:19471/api/terminal/8f902a18-2087-4390-abd6-1cbf2a2e8150:0
[  360512ms] [ERROR] Failed to load resource: the server responded with a status of 404 (Not Found) @ http://localhost:19471/api/terminal/73f4afa7-4a39-417d-85d3-fd152b8aa62b:0
[  360513ms] [ERROR] Failed to load resource: the server responded with a status of 404 (Not Found) @ http://localhost:19471/api/terminal/8f902a18-2087-4390-abd6-1cbf2a2e8150:0
[  370506ms] [ERROR] Failed to load resource: the server responded with a status of 404 (Not Found) @ http://localhost:19471/api/terminal/73f4afa7-4a39-417d-85d3-fd152b8aa62b:0
[  370507ms] [ERROR] Failed to load resource: the server responded with a status of 404 (Not Found) @ http://localhost:19471/api/terminal/8f902a18-2087-4390-abd6-1cbf2a2e8150:0
[  380504ms] [ERROR] Failed to load resource: the server responded with a status of 404 (Not Found) @ http://localhost:19471/api/terminal/73f4afa7-4a39-417d-85d3-fd152b8aa62b:0
[  380504ms] [ERROR] Failed to load resource: the server responded with a status of 404 (Not Found) @ http://localhost:19471/api/terminal/8f902a18-2087-4390-abd6-1cbf2a2e8150:0
[  390504ms] [ERROR] Failed to load resource: the server responded with a status of 404 (Not Found) @ http://localhost:19471/api/terminal/73f4afa7-4a39-417d-85d3-fd152b8aa62b:0
[  390504ms] [ERROR] Failed to load resource: the server responded with a status of 404 (Not Found) @ http://localhost:19471/api/terminal/8f902a18-2087-4390-abd6-1cbf2a2e8150:0
[  400507ms] [ERROR] Failed to load resource: the server responded with a status of 404 (Not Found) @ http://localhost:19471/api/terminal/73f4afa7-4a39-417d-85d3-fd152b8aa62b:0
[  400507ms] [ERROR] Failed to load resource: the server responded with a status of 404 (Not Found) @ http://localhost:19471/api/terminal/8f902a18-2087-4390-abd6-1cbf2a2e8150:0
[  410506ms] [ERROR] Failed to load resource: the server responded with a status of 404 (Not Found) @ http://localhost:19471/api/terminal/73f4afa7-4a39-417d-85d3-fd152b8aa62b:0
[  410506ms] [ERROR] Failed to load resource: the server responded with a status of 404 (Not Found) @ http://localhost:19471/api/terminal/8f902a18-2087-4390-abd6-1cbf2a2e8150:0
[  420530ms] [ERROR] Failed to load resource: the server responded with a status of 404 (Not Found) @ http://localhost:19471/api/terminal/73f4afa7-4a39-417d-85d3-fd152b8aa62b:0
[  420532ms] [ERROR] Failed to load resource: the server responded with a status of 404 (Not Found) @ http://localhost:19471/api/terminal/8f902a18-2087-4390-abd6-1cbf2a2e8150:0
[  430506ms] [ERROR] Failed to load resource: the server responded with a status of 404 (Not Found) @ http://localhost:19471/api/terminal/73f4afa7-4a39-417d-85d3-fd152b8aa62b:0
[  430507ms] [ERROR] Failed to load resource: the server responded with a status of 404 (Not Found) @ http://localhost:19471/api/terminal/8f902a18-2087-4390-abd6-1cbf2a2e8150:0
[  440508ms] [ERROR] Failed to load resource: the server responded with a status of 404 (Not Found) @ http://localhost:19471/api/terminal/73f4afa7-4a39-417d-85d3-fd152b8aa62b:0
[  440508ms] [ERROR] Failed to load resource: the server responded with a status of 404 (Not Found) @ http://localhost:19471/api/terminal/8f902a18-2087-4390-abd6-1cbf2a2e8150:0
[  450531ms] [ERROR] Failed to load resource: the server responded with a status of 404 (Not Found) @ http://localhost:19471/api/terminal/73f4afa7-4a39-417d-85d3-fd152b8aa62b:0
[  450531ms] [ERROR] Failed to load resource: the server responded with a status of 404 (Not Found) @ http://localhost:19471/api/terminal/8f902a18-2087-4390-abd6-1cbf2a2e8150:0
[  460505ms] [ERROR] Failed to load resource: the server responded with a status of 404 (Not Found) @ http://localhost:19471/api/terminal/73f4afa7-4a39-417d-85d3-fd152b8aa62b:0
[  460506ms] [ERROR] Failed to load resource: the server responded with a status of 404 (Not Found) @ http://localhost:19471/api/terminal/8f902a18-2087-4390-abd6-1cbf2a2e8150:0
[  470508ms] [ERROR] Failed to load resource: the server responded with a status of 404 (Not Found) @ http://localhost:19471/api/terminal/73f4afa7-4a39-417d-85d3-fd152b8aa62b:0
[  470508ms] [ERROR] Failed to load resource: the server responded with a status of 404 (Not Found) @ http://localhost:19471/api/terminal/8f902a18-2087-4390-abd6-1cbf2a2e8150:0
[  480546ms] [ERROR] Failed to load resource: the server responded with a status of 404 (Not Found) @ http://localhost:19471/api/terminal/73f4afa7-4a39-417d-85d3-fd152b8aa62b:0
[  480548ms] [ERROR] Failed to load resource: the server responded with a status of 404 (Not Found) @ http://localhost:19471/api/terminal/8f902a18-2087-4390-abd6-1cbf2a2e8150:0
[  490504ms] [ERROR] Failed to load resource: the server responded with a status of 404 (Not Found) @ http://localhost:19471/api/terminal/73f4afa7-4a39-417d-85d3-fd152b8aa62b:0
[  490504ms] [ERROR] Failed to load resource: the server responded with a status of 404 (Not Found) @ http://localhost:19471/api/terminal/8f902a18-2087-4390-abd6-1cbf2a2e8150:0
[  500504ms] [ERROR] Failed to load resource: the server responded with a status of 404 (Not Found) @ http://localhost:19471/api/terminal/73f4afa7-4a39-417d-85d3-fd152b8aa62b:0
[  500505ms] [ERROR] Failed to load resource: the server responded with a status of 404 (Not Found) @ http://localhost:19471/api/terminal/8f902a18-2087-4390-abd6-1cbf2a2e8150:0
[  510517ms] [ERROR] Failed to load resource: the server responded with a status of 404 (Not Found) @ http://localhost:19471/api/terminal/73f4afa7-4a39-417d-85d3-fd152b8aa62b:0
[  510518ms] [ERROR] Failed to load resource: the server responded with a status of 404 (Not Found) @ http://localhost:19471/api/terminal/8f902a18-2087-4390-abd6-1cbf2a2e8150:0
[  520504ms] [ERROR] Failed to load resource: the server responded with a status of 404 (Not Found) @ http://localhost:19471/api/terminal/73f4afa7-4a39-417d-85d3-fd152b8aa62b:0
[  520504ms] [ERROR] Failed to load resource: the server responded with a status of 404 (Not Found) @ http://localhost:19471/api/terminal/8f902a18-2087-4390-abd6-1cbf2a2e8150:0
[  530511ms] [ERROR] Failed to load resource: the server responded with a status of 404 (Not Found) @ http://localhost:19471/api/terminal/73f4afa7-4a39-417d-85d3-fd152b8aa62b:0
[  530512ms] [ERROR] Failed to load resource: the server responded with a status of 404 (Not Found) @ http://localhost:19471/api/terminal/8f902a18-2087-4390-abd6-1cbf2a2e8150:0
[  540533ms] [ERROR] Failed to load resource: the server responded with a status of 404 (Not Found) @ http://localhost:19471/api/terminal/73f4afa7-4a39-417d-85d3-fd152b8aa62b:0
[  540533ms] [ERROR] Failed to load resource: the server responded with a status of 404 (Not Found) @ http://localhost:19471/api/terminal/8f902a18-2087-4390-abd6-1cbf2a2e8150:0
[  550506ms] [ERROR] Failed to load resource: the server responded with a status of 404 (Not Found) @ http://localhost:19471/api/terminal/73f4afa7-4a39-417d-85d3-fd152b8aa62b:0
[  550507ms] [ERROR] Failed to load resource: the server responded with a status of 404 (Not Found) @ http://localhost:19471/api/terminal/8f902a18-2087-4390-abd6-1cbf2a2e8150:0
[  560506ms] [ERROR] Failed to load resource: the server responded with a status of 404 (Not Found) @ http://localhost:19471/api/terminal/73f4afa7-4a39-417d-85d3-fd152b8aa62b:0
[  560506ms] [ERROR] Failed to load resource: the server responded with a status of 404 (Not Found) @ http://localhost:19471/api/terminal/8f902a18-2087-4390-abd6-1cbf2a2e8150:0
[  570537ms] [ERROR] Failed to load resource: the server responded with a status of 404 (Not Found) @ http://localhost:19471/api/terminal/73f4afa7-4a39-417d-85d3-fd152b8aa62b:0
[  570537ms] [ERROR] Failed to load resource: the server responded with a status of 404 (Not Found) @ http://localhost:19471/api/terminal/8f902a18-2087-4390-abd6-1cbf2a2e8150:0
[  580504ms] [ERROR] Failed to load resource: the server responded with a status of 404 (Not Found) @ http://localhost:19471/api/terminal/73f4afa7-4a39-417d-85d3-fd152b8aa62b:0
[  580504ms] [ERROR] Failed to load resource: the server responded with a status of 404 (Not Found) @ http://localhost:19471/api/terminal/8f902a18-2087-4390-abd6-1cbf2a2e8150:0
[  590505ms] [ERROR] Failed to load resource: the server responded with a status of 404 (Not Found) @ http://localhost:19471/api/terminal/73f4afa7-4a39-417d-85d3-fd152b8aa62b:0
[  590505ms] [ERROR] Failed to load resource: the server responded with a status of 404 (Not Found) @ http://localhost:19471/api/terminal/8f902a18-2087-4390-abd6-1cbf2a2e8150:0
[  600516ms] [ERROR] Failed to load resource: the server responded with a status of 404 (Not Found) @ http://localhost:19471/api/terminal/73f4afa7-4a39-417d-85d3-fd152b8aa62b:0
[  600517ms] [ERROR] Failed to load resource: the server responded with a status of 404 (Not Found) @ http://localhost:19471/api/terminal/8f902a18-2087-4390-abd6-1cbf2a2e8150:0
[  610503ms] [ERROR] Failed to load resource: the server responded with a status of 404 (Not Found) @ http://localhost:19471/api/terminal/73f4afa7-4a39-417d-85d3-fd152b8aa62b:0
[  610504ms] [ERROR] Failed to load resource: the server responded with a status of 404 (Not Found) @ http://localhost:19471/api/terminal/8f902a18-2087-4390-abd6-1cbf2a2e8150:0
[  620507ms] [ERROR] Failed to load resource: the server responded with a status of 404 (Not Found) @ http://localhost:19471/api/terminal/73f4afa7-4a39-417d-85d3-fd152b8aa62b:0
[  620507ms] [ERROR] Failed to load resource: the server responded with a status of 404 (Not Found) @ http://localhost:19471/api/terminal/8f902a18-2087-4390-abd6-1cbf2a2e8150:0
[  630544ms] [ERROR] Failed to load resource: the server responded with a status of 404 (Not Found) @ http://localhost:19471/api/terminal/73f4afa7-4a39-417d-85d3-fd152b8aa62b:0
[  630544ms] [ERROR] Failed to load resource: the server responded with a status of 404 (Not Found) @ http://localhost:19471/api/terminal/8f902a18-2087-4390-abd6-1cbf2a2e8150:0
[  640502ms] [ERROR] Failed to load resource: the server responded with a status of 404 (Not Found) @ http://localhost:19471/api/terminal/73f4afa7-4a39-417d-85d3-fd152b8aa62b:0
[  640502ms] [ERROR] Failed to load resource: the server responded with a status of 404 (Not Found) @ http://localhost:19471/api/terminal/8f902a18-2087-4390-abd6-1cbf2a2e8150:0
[  650507ms] [ERROR] Failed to load resource: the server responded with a status of 404 (Not Found) @ http://localhost:19471/api/terminal/73f4afa7-4a39-417d-85d3-fd152b8aa62b:0
[  650507ms] [ERROR] Failed to load resource: the server responded with a status of 404 (Not Found) @ http://localhost:19471/api/terminal/8f902a18-2087-4390-abd6-1cbf2a2e8150:0
[  660516ms] [ERROR] Failed to load resource: the server responded with a status of 404 (Not Found) @ http://localhost:19471/api/terminal/73f4afa7-4a39-417d-85d3-fd152b8aa62b:0
[  660516ms] [ERROR] Failed to load resource: the server responded with a status of 404 (Not Found) @ http://localhost:19471/api/terminal/8f902a18-2087-4390-abd6-1cbf2a2e8150:0
[  670503ms] [ERROR] Failed to load resource: the server responded with a status of 404 (Not Found) @ http://localhost:19471/api/terminal/73f4afa7-4a39-417d-85d3-fd152b8aa62b:0
[  670503ms] [ERROR] Failed to load resource: the server responded with a status of 404 (Not Found) @ http://localhost:19471/api/terminal/8f902a18-2087-4390-abd6-1cbf2a2e8150:0
[  680506ms] [ERROR] Failed to load resource: the server responded with a status of 404 (Not Found) @ http://localhost:19471/api/terminal/73f4afa7-4a39-417d-85d3-fd152b8aa62b:0
[  680506ms] [ERROR] Failed to load resource: the server responded with a status of 404 (Not Found) @ http://localhost:19471/api/terminal/8f902a18-2087-4390-abd6-1cbf2a2e8150:0
[  690526ms] [ERROR] Failed to load resource: the server responded with a status of 404 (Not Found) @ http://localhost:19471/api/terminal/73f4afa7-4a39-417d-85d3-fd152b8aa62b:0
[  690527ms] [ERROR] Failed to load resource: the server responded with a status of 404 (Not Found) @ http://localhost:19471/api/terminal/8f902a18-2087-4390-abd6-1cbf2a2e8150:0
[  700513ms] [ERROR] Failed to load resource: the server responded with a status of 404 (Not Found) @ http://localhost:19471/api/terminal/73f4afa7-4a39-417d-85d3-fd152b8aa62b:0
[  700514ms] [ERROR] Failed to load resource: the server responded with a status of 404 (Not Found) @ http://localhost:19471/api/terminal/8f902a18-2087-4390-abd6-1cbf2a2e8150:0
[  710510ms] [ERROR] Failed to load resource: the server responded with a status of 404 (Not Found) @ http://localhost:19471/api/terminal/73f4afa7-4a39-417d-85d3-fd152b8aa62b:0
[  710511ms] [ERROR] Failed to load resource: the server responded with a status of 404 (Not Found) @ http://localhost:19471/api/terminal/8f902a18-2087-4390-abd6-1cbf2a2e8150:0
[  720520ms] [ERROR] Failed to load resource: the server responded with a status of 404 (Not Found) @ http://localhost:19471/api/terminal/73f4afa7-4a39-417d-85d3-fd152b8aa62b:0
[  720524ms] [ERROR] Failed to load resource: the server responded with a status of 404 (Not Found) @ http://localhost:19471/api/terminal/8f902a18-2087-4390-abd6-1cbf2a2e8150:0
[  730512ms] [ERROR] Failed to load resource: the server responded with a status of 404 (Not Found) @ http://localhost:19471/api/terminal/73f4afa7-4a39-417d-85d3-fd152b8aa62b:0
[  730512ms] [ERROR] Failed to load resource: the server responded with a status of 404 (Not Found) @ http://localhost:19471/api/terminal/8f902a18-2087-4390-abd6-1cbf2a2e8150:0
[  740511ms] [ERROR] Failed to load resource: the server responded with a status of 404 (Not Found) @ http://localhost:19471/api/terminal/73f4afa7-4a39-417d-85d3-fd152b8aa62b:0
[  740511ms] [ERROR] Failed to load resource: the server responded with a status of 404 (Not Found) @ http://localhost:19471/api/terminal/8f902a18-2087-4390-abd6-1cbf2a2e8150:0
[  750501ms] [ERROR] Failed to load resource: the server responded with a status of 404 (Not Found) @ http://localhost:19471/api/terminal/73f4afa7-4a39-417d-85d3-fd152b8aa62b:0
[  750501ms] [ERROR] Failed to load resource: the server responded with a status of 404 (Not Found) @ http://localhost:19471/api/terminal/8f902a18-2087-4390-abd6-1cbf2a2e8150:0
[  760506ms] [ERROR] Failed to load resource: the server responded with a status of 404 (Not Found) @ http://localhost:19471/api/terminal/73f4afa7-4a39-417d-85d3-fd152b8aa62b:0
[  760506ms] [ERROR] Failed to load resource: the server responded with a status of 404 (Not Found) @ http://localhost:19471/api/terminal/8f902a18-2087-4390-abd6-1cbf2a2e8150:0
[  770504ms] [ERROR] Failed to load resource: the server responded with a status of 404 (Not Found) @ http://localhost:19471/api/terminal/73f4afa7-4a39-417d-85d3-fd152b8aa62b:0
[  770504ms] [ERROR] Failed to load resource: the server responded with a status of 404 (Not Found) @ http://localhost:19471/api/terminal/8f902a18-2087-4390-abd6-1cbf2a2e8150:0
[  780532ms] [ERROR] Failed to load resource: the server responded with a status of 404 (Not Found) @ http://localhost:19471/api/terminal/73f4afa7-4a39-417d-85d3-fd152b8aa62b:0
[  780533ms] [ERROR] Failed to load resource: the server responded with a status of 404 (Not Found) @ http://localhost:19471/api/terminal/8f902a18-2087-4390-abd6-1cbf2a2e8150:0
[  790504ms] [ERROR] Failed to load resource: the server responded with a status of 404 (Not Found) @ http://localhost:19471/api/terminal/73f4afa7-4a39-417d-85d3-fd152b8aa62b:0
[  790505ms] [ERROR] Failed to load resource: the server responded with a status of 404 (Not Found) @ http://localhost:19471/api/terminal/8f902a18-2087-4390-abd6-1cbf2a2e8150:0
[  800504ms] [ERROR] Failed to load resource: the server responded with a status of 404 (Not Found) @ http://localhost:19471/api/terminal/73f4afa7-4a39-417d-85d3-fd152b8aa62b:0
[  800505ms] [ERROR] Failed to load resource: the server responded with a status of 404 (Not Found) @ http://localhost:19471/api/terminal/8f902a18-2087-4390-abd6-1cbf2a2e8150:0
[  809424ms] [ERROR] WebSocket connection to 'ws://localhost:19471/' failed: Error in connection establishment: net::ERR_CONNECTION_REFUSED @ http://localhost:19471/@vite/client:1034
[  810379ms] [ERROR] Failed to load resource: net::ERR_CONNECTION_REFUSED @ http://localhost:19471/api/health:0
[  810428ms] [ERROR] WebSocket connection to 'ws://localhost:19471/' failed: Error in connection establishment: net::ERR_CONNECTION_REFUSED @ http://localhost:19471/@vite/client:1034
[  810502ms] [ERROR] Failed to load resource: net::ERR_CONNECTION_REFUSED @ http://localhost:19471/api/terminal/acfe9746-f3df-4f7f-8eeb-92a9b9cd266b:0
[  810502ms] [ERROR] Failed to load resource: net::ERR_CONNECTION_REFUSED @ http://localhost:19471/api/terminal/9276807a-eb96-4e89-84cd-767b2f117b33:0
[  810503ms] [ERROR] Failed to load resource: net::ERR_CONNECTION_REFUSED @ http://localhost:19471/api/terminal/73f4afa7-4a39-417d-85d3-fd152b8aa62b:0
[  810503ms] [ERROR] Failed to load resource: net::ERR_CONNECTION_REFUSED @ http://localhost:19471/api/terminal/8f902a18-2087-4390-abd6-1cbf2a2e8150:0
[  811430ms] [ERROR] WebSocket connection to 'ws://localhost:19471/' failed: Error in connection establishment: net::ERR_CONNECTION_REFUSED @ http://localhost:19471/@vite/client:1034
[  812431ms] [ERROR] WebSocket connection to 'ws://localhost:19471/' failed: Error in connection establishment: net::ERR_CONNECTION_REFUSED @ http://localhost:19471/@vite/client:1034
[  812520ms] [ERROR] WebSocket connection to 'ws://127.0.0.1:9001/' failed: Error in connection establishment: net::ERR_CONNECTION_REFUSED @ http://localhost:19471/@fs/Users/eankrenzin/Documents/Dev/Repos/context/tools/context/node_modules/.vite/deps/mqtt.js?v=a57a8ba5:11160
[  813441ms] [ERROR] WebSocket connection to 'ws://localhost:19471/' failed: Error in connection establishment: net::ERR_CONNECTION_REFUSED @ http://localhost:19471/@vite/client:1034
[  814446ms] [ERROR] WebSocket connection to 'ws://localhost:19471/' failed: Error in connection establishment: net::ERR_CONNECTION_REFUSED @ http://localhost:19471/@vite/client:1034
[  815468ms] [ERROR] WebSocket connection to 'ws://localhost:19471/' failed: Error in connection establishment: net::ERR_CONNECTION_REFUSED @ http://localhost:19471/@vite/client:1034
[  815534ms] [ERROR] WebSocket connection to 'ws://127.0.0.1:9001/' failed: Error in connection establishment: net::ERR_CONNECTION_REFUSED @ http://localhost:19471/@fs/Users/eankrenzin/Documents/Dev/Repos/context/tools/context/node_modules/.vite/deps/mqtt.js?v=a57a8ba5:11160
[  816496ms] [ERROR] WebSocket connection to 'ws://localhost:19471/' failed: Error in connection establishment: net::ERR_CONNECTION_REFUSED @ http://localhost:19471/@vite/client:1034
[  817572ms] [ERROR] WebSocket connection to 'ws://localhost:19471/' failed: Error in connection establishment: net::ERR_CONNECTION_REFUSED @ http://localhost:19471/@vite/client:1034
[  818700ms] [ERROR] WebSocket connection to 'ws://127.0.0.1:9001/' failed: Error in connection establishment: net::ERR_CONNECTION_REFUSED @ http://localhost:19471/@fs/Users/eankrenzin/Documents/Dev/Repos/context/tools/context/node_modules/.vite/deps/mqtt.js?v=a57a8ba5:11160
[  818805ms] [ERROR] WebSocket connection to 'ws://localhost:19471/' failed: Error in connection establishment: net::ERR_CONNECTION_REFUSED @ http://localhost:19471/@vite/client:1034
